Arguments: 
  /usr/local/bin/node /Users/bianca/.yarn/bin/yarn.js start

PATH: 
  /usr/local/opt/python/libexec/bin:/Users/bianca/.yarn/bin:/opt/subversion/bin:/Users/bianca/.composer/vendor/bin:/Users/bianca/bin:/usr/local/bin:/usr/local/bin:/usr/bin:/bin:/usr/sbin:/sbin:/usr/local/bin

Yarn version: 
  1.5.1

Node version: 
  9.10.1

Platform: 
  darwin x64

npm manifest: 
  No manifest

yarn manifest: 
  No manifest

Lockfile: 
  No lockfile

Trace: 
  Error: Couldn't find a package.json file in "/Users/bianca/Sites/Development/redux-project"
      at new MessageError (/Users/bianca/.yarn/lib/cli.js:186:110)
      at /Users/bianca/.yarn/lib/cli.js:40048:15
      at Generator.next (<anonymous>)
      at step (/Users/bianca/.yarn/lib/cli.js:98:30)
      at /Users/bianca/.yarn/lib/cli.js:109:13
      at <anonymous>
